<?xml version="1.0" encoding="UTF-8"?>
<!-- Generated by org.testng.reporters.JUnitXMLReporter -->
<testsuite ignored="0" hostname="NB1106" failures="0" tests="3" name="Default test" time="59.437" errors="0" timestamp="2025-01-22T12:32:37 ART">
  <testcase classname="suites.suiteAgendaDesa" name="agendarVisita" time="19.678"/>
  <testcase classname="suites.suiteAgendaDesa" name="desAgendarVisita" time="14.384"/>
  <testcase classname="suites.suiteAgendaDesa" name="reagendarVisita" time="18.882"/>
</testsuite> <!-- Default test -->
