<?xml version="1.0" encoding="UTF-8"?>
<testng-results ignored="0" total="3" passed="3" failed="0" skipped="0">
  <reporter-output>
  </reporter-output>
  <suite started-at="2025-01-28T15:12:50 ART" name="SuiteAgenda" finished-at="2025-01-28T15:14:02 ART" duration-ms="71349">
    <groups>
    </groups>
    <test started-at="2025-01-28T15:12:50 ART" name="Agendar Visita" finished-at="2025-01-28T15:13:15 ART" duration-ms="25197">
      <class name="tests.Test_AgendarVisita">
        <test-method is-config="true" signature="setUp()[pri:0, instance:tests.Test_AgendarVisita@606e4010]" started-at="2025-01-28T15:12:50 ART" name="setUp" finished-at="2025-01-28T15:12:53 ART" duration-ms="2742" status="PASS">
          <reporter-output>
          </reporter-output>
        </test-method> <!-- setUp -->
        <test-method signature="testAgendarVisita()[pri:0, instance:tests.Test_AgendarVisita@606e4010]" started-at="2025-01-28T15:12:53 ART" name="testAgendarVisita" finished-at="2025-01-28T15:13:15 ART" duration-ms="21939" status="PASS">
          <reporter-output>
          </reporter-output>
        </test-method> <!-- testAgendarVisita -->
        <test-method is-config="true" signature="close()[pri:0, instance:tests.Test_AgendarVisita@606e4010]" started-at="2025-01-28T15:13:15 ART" name="close" finished-at="2025-01-28T15:13:15 ART" duration-ms="485" status="PASS">
          <reporter-output>
          </reporter-output>
        </test-method> <!-- close -->
      </class> <!-- tests.Test_AgendarVisita -->
    </test> <!-- Agendar Visita -->
    <test started-at="2025-01-28T15:13:15 ART" name="Reagendar Visita" finished-at="2025-01-28T15:13:38 ART" duration-ms="22206">
      <class name="tests.Test_ReagendarVisita">
        <test-method is-config="true" signature="setUp()[pri:0, instance:tests.Test_ReagendarVisita@61c4eee0]" started-at="2025-01-28T15:13:15 ART" name="setUp" finished-at="2025-01-28T15:13:18 ART" duration-ms="2351" status="PASS">
          <reporter-output>
          </reporter-output>
        </test-method> <!-- setUp -->
        <test-method signature="testReagendarVisita()[pri:0, instance:tests.Test_ReagendarVisita@61c4eee0]" started-at="2025-01-28T15:13:18 ART" name="testReagendarVisita" finished-at="2025-01-28T15:13:37 ART" duration-ms="19335" status="PASS">
          <reporter-output>
          </reporter-output>
        </test-method> <!-- testReagendarVisita -->
        <test-method is-config="true" signature="close()[pri:0, instance:tests.Test_ReagendarVisita@61c4eee0]" started-at="2025-01-28T15:13:37 ART" name="close" finished-at="2025-01-28T15:13:38 ART" duration-ms="516" status="PASS">
          <reporter-output>
          </reporter-output>
        </test-method> <!-- close -->
      </class> <!-- tests.Test_ReagendarVisita -->
    </test> <!-- Reagendar Visita -->
    <test started-at="2025-01-28T15:13:38 ART" name="Desagendar Visita" finished-at="2025-01-28T15:14:02 ART" duration-ms="23905">
      <class name="tests.Test_DesagendarVisita">
        <test-method is-config="true" signature="setUp()[pri:0, instance:tests.Test_DesagendarVisita@533bda92]" started-at="2025-01-28T15:13:38 ART" name="setUp" finished-at="2025-01-28T15:13:40 ART" duration-ms="2279" status="PASS">
          <reporter-output>
          </reporter-output>
        </test-method> <!-- setUp -->
        <test-method signature="testDesagendarVisita()[pri:0, instance:tests.Test_DesagendarVisita@533bda92]" started-at="2025-01-28T15:13:40 ART" name="testDesagendarVisita" finished-at="2025-01-28T15:14:01 ART" duration-ms="21105" status="PASS">
          <reporter-output>
          </reporter-output>
        </test-method> <!-- testDesagendarVisita -->
        <test-method is-config="true" signature="close()[pri:0, instance:tests.Test_DesagendarVisita@533bda92]" started-at="2025-01-28T15:14:01 ART" name="close" finished-at="2025-01-28T15:14:02 ART" duration-ms="519" status="PASS">
          <reporter-output>
          </reporter-output>
        </test-method> <!-- close -->
      </class> <!-- tests.Test_DesagendarVisita -->
    </test> <!-- Desagendar Visita -->
  </suite> <!-- SuiteAgenda -->
</testng-results>
