<?xml version="1.0" encoding="UTF-8"?>
<testng-results ignored="0" total="1" passed="1" failed="0" skipped="0">
  <reporter-output>
  </reporter-output>
  <suite started-at="2025-01-30T12:22:13 ART" name="Default suite" finished-at="2025-01-30T12:22:49 ART" duration-ms="36204">
    <groups>
    </groups>
    <test started-at="2025-01-30T12:22:13 ART" name="Default test" finished-at="2025-01-30T12:22:49 ART" duration-ms="36204">
      <class name="testAtencionAlClienteLegales.Test_01_Prueba">
        <test-method is-config="true" signature="setUp()[pri:0, instance:testAtencionAlClienteLegales.Test_01_Prueba@1a6d8329]" started-at="2025-01-30T12:22:13 ART" name="setUp" finished-at="2025-01-30T12:22:21 ART" duration-ms="8104" status="PASS">
          <reporter-output>
          </reporter-output>
        </test-method> <!-- setUp -->
        <test-method signature="testPruebaSaleforce()[pri:0, instance:testAtencionAlClienteLegales.Test_01_Prueba@1a6d8329]" started-at="2025-01-30T12:22:21 ART" name="testPruebaSaleforce" finished-at="2025-01-30T12:22:46 ART" duration-ms="24962" status="PASS">
          <reporter-output>
          </reporter-output>
        </test-method> <!-- testPruebaSaleforce -->
        <test-method is-config="true" signature="close()[pri:0, instance:testAtencionAlClienteLegales.Test_01_Prueba@1a6d8329]" started-at="2025-01-30T12:22:46 ART" name="close" finished-at="2025-01-30T12:22:49 ART" duration-ms="3003" status="PASS">
          <reporter-output>
          </reporter-output>
        </test-method> <!-- close -->
      </class> <!-- testAtencionAlClienteLegales.Test_01_Prueba -->
    </test> <!-- Default test -->
  </suite> <!-- Default suite -->
</testng-results>
